<?xml version="1.0" encoding="UTF-8"?>
<!-- Generated by org.testng.reporters.JUnitXMLReporter -->
<testsuite hostname="IBM-Testing01" ignored="5" name="Test" tests="3" failures="0" timestamp="04 Mar 2020 10:10:58 GMT" time="0.059" errors="0">
  <testcase name="test1" time="0.016" classname="grouppackage.Groupsdemo"/>
  <testcase name="test2" time="0.0" classname="grouppackage.Groupsdemo"/>
  <testcase name="test3" time="0.0" classname="grouppackage.Groupsdemo"/>
  <testcase name="test1" time="0.0" classname="grouppackage.groups1demo">
    <ignored/>
  </testcase> <!-- test1 -->
  <testcase name="test4" time="0.0" classname="grouppackage.Groupsdemo">
    <ignored/>
  </testcase> <!-- test4 -->
  <testcase name="test4" time="0.0" classname="grouppackage.groups1demo">
    <ignored/>
  </testcase> <!-- test4 -->
  <testcase name="test2" time="0.0" classname="grouppackage.groups1demo">
    <ignored/>
  </testcase> <!-- test2 -->
  <testcase name="test3" time="0.0" classname="grouppackage.groups1demo">
    <ignored/>
  </testcase> <!-- test3 -->
</testsuite> <!-- Test -->
